#-----------------------------------------------------------
# Vivado v2016.4 (64-bit)
# SW Build 1756540 on Mon Jan 23 19:11:23 MST 2017
# IP Build 1755317 on Mon Jan 23 20:30:07 MST 2017
# Start of session at: Sun Dec 02 17:26:55 2018
# Process ID: 18396
# Current directory: F:/Project/Github/AC701-DualMB-System/Final_Project_RTES
# Command line: vivado.exe -gui_launcher_event rodinguilauncherevent1100 F:\Project\Github\AC701-DualMB-System\Final_Project_RTES\Final_Project_RTES.xpr
# Log file: F:/Project/Github/AC701-DualMB-System/Final_Project_RTES/vivado.log
# Journal file: F:/Project/Github/AC701-DualMB-System/Final_Project_RTES\vivado.jou
#-----------------------------------------------------------
start_gui
open_project F:/Project/Github/AC701-DualMB-System/Final_Project_RTES/Final_Project_RTES.xpr
Scanning sources...
Finished scanning sources
INFO: [IP_Flow 19-234] Refreshing IP repositories
INFO: [IP_Flow 19-1700] Loaded user IP repository 'f:/Project/Github/AC701-DualMB-System/Final_Project_RTES/Final_Project_RTES.ipdefs/library_0_0'.
INFO: [IP_Flow 19-2313] Loaded Vivado IP repository 'E:/Program/Xilinx/Vivado/2016.4/data/ip'.
open_project: Time (s): cpu = 00:00:42 ; elapsed = 00:00:29 . Memory (MB): peak = 1108.254 ; gain = 403.691
launch_sdk -workspace F:/Project/Github/AC701-DualMB-System/Final_Project_RTES/Final_Project_RTES.sdk -hwspec F:/Project/Github/AC701-DualMB-System/Final_Project_RTES/Final_Project_RTES.sdk/system_top.hdf
INFO: [Vivado 12-393] Launching SDK...
INFO: [Vivado 12-417] Running xsdk -workspace F:/Project/Github/AC701-DualMB-System/Final_Project_RTES/Final_Project_RTES.sdk -hwspec F:/Project/Github/AC701-DualMB-System/Final_Project_RTES/Final_Project_RTES.sdk/system_top.hdf
INFO: [Vivado 12-3157] SDK launch initiated. Please check console for any further messages.
file mkdir F:/Project/Github/AC701-DualMB-System/Final_Project_RTES/Final_Project_RTES.sdk
file copy -force F:/Project/Github/AC701-DualMB-System/Final_Project_RTES/Final_Project_RTES.runs/impl_1/system_top.sysdef F:/Project/Github/AC701-DualMB-System/Final_Project_RTES/Final_Project_RTES.sdk/system_top.hdf

exit
INFO: [Common 17-206] Exiting Vivado at Sun Dec 02 17:37:11 2018...
